Using pre-set license
Built from '2020.3/release' branch; Version is '2020.3.7f1 (dd97f2c94397) revision 14522354'; Using compiler version '192528614'; Build Type 'Release'
OS: 'Windows 10 Home Single Language; OS build 18362.30; Version 1903; 64bit' Language: 'en' Physical Memory: 8070 MB
BatchMode: 1, IsHumanControllingUs: 0, StartBugReporterOnCrash: 0, Is64bit: 1, IsPro: 0

 COMMAND LINE ARGUMENTS:
C:\Program Files\Unity\Hub\Editor\2020.3.7f1\Editor\Unity.exe
-adb2
-batchMode
-noUpm
-name
AssetImportWorker0
-projectPath
D:/Unity/Kteam
-logFile
Logs/AssetImportWorker0.log
-srvPort
51636
Successfully changed project path to: D:/Unity/Kteam
D:/Unity/Kteam
Using Asset Import Pipeline V2.
Refreshing native plugins compatible for Editor in 56.35 ms, found 0 plugins.
Preloading 0 native plugins for Editor in 0.00 ms.
Initialize engine version: 2020.3.7f1 (dd97f2c94397)
[Subsystems] Discovering subsystems at path C:/Program Files/Unity/Hub/Editor/2020.3.7f1/Editor/Data/Resources/UnitySubsystems
[Subsystems] Discovering subsystems at path D:/Unity/Kteam/Assets
GfxDevice: creating device client; threaded=0
Direct3D:
    Version:  Direct3D 11.0 [level 11.0]
    Renderer: NVIDIA GeForce MX130 (ID=0x174d)
    Vendor:   
    VRAM:     2010 MB
    Driver:   27.21.14.5763
Initialize mono
Mono path[0] = 'C:/Program Files/Unity/Hub/Editor/2020.3.7f1/Editor/Data/Managed'
Mono path[1] = 'C:/Program Files/Unity/Hub/Editor/2020.3.7f1/Editor/Data/MonoBleedingEdge/lib/mono/unityjit'
Mono config path = 'C:/Program Files/Unity/Hub/Editor/2020.3.7f1/Editor/Data/MonoBleedingEdge/etc'
Using monoOptions --debugger-agent=transport=dt_socket,embedding=1,server=y,suspend=n,address=127.0.0.1:56520
Begin MonoManager ReloadAssembly
Registering precompiled unity dll's ...
Register platform support module: C:/Program Files/Unity/Hub/Editor/2020.3.7f1/Editor/Data/PlaybackEngines/WindowsStandaloneSupport/UnityEditor.WindowsStandalone.Extensions.dll
Registered in 0.003329 seconds.
Native extension for WindowsStandalone target not found
Refreshing native plugins compatible for Editor in 56.91 ms, found 0 plugins.
Preloading 0 native plugins for Editor in 0.00 ms.
Mono: successfully reloaded assembly
- Completed reload, in  2.144 seconds
Platform modules already initialized, skipping
Registering precompiled user dll's ...
Registered in 0.001012 seconds.
Begin MonoManager ReloadAssembly
Native extension for WindowsStandalone target not found
Refreshing native plugins compatible for Editor in 0.45 ms, found 0 plugins.
Preloading 0 native plugins for Editor in 0.00 ms.
Mono: successfully reloaded assembly
- Completed reload, in  1.695 seconds
Platform modules already initialized, skipping
========================================================================
Worker process is ready to serve import requests
Launched and connected shader compiler UnityShaderCompiler.exe after 0.08 seconds
Refreshing native plugins compatible for Editor in 0.42 ms, found 0 plugins.
Preloading 0 native plugins for Editor in 0.00 ms.
Unloading 1367 Unused Serialized files (Serialized files now loaded: 0)
System memory in use before: 85.6 MB.
System memory in use after: 85.7 MB.

Unloading 11 unused Assets to reduce memory usage. Loaded Objects now: 1842.
Total: 3.546100 ms (FindLiveObjects: 0.258500 ms CreateObjectMapping: 0.104000 ms MarkObjects: 2.956400 ms  DeleteObjects: 0.225400 ms)

========================================================================
Received Import Request.
  path: Assets/Animations/Player/Main.controller
  artifactKey: Guid(d6851830e209a2645bec7b89c4455f83) Importer(815301076,1909f56bfc062723c751e8b465ee728b)
Start importing Assets/Animations/Player/Main.controller using Guid(d6851830e209a2645bec7b89c4455f83) Importer(815301076,1909f56bfc062723c751e8b465ee728b)  -> (artifact id: 'b3e4ffa1fb64bbe65d867ddba859cd93') in 0.104084 seconds
  Import took 0.119360 seconds .

========================================================================
Received Import Request.
  Time since last request: 48.566685 seconds.
  path: Assets/Animations/Player/Main.controller
  artifactKey: Guid(d6851830e209a2645bec7b89c4455f83) Importer(815301076,1909f56bfc062723c751e8b465ee728b)
Start importing Assets/Animations/Player/Main.controller using Guid(d6851830e209a2645bec7b89c4455f83) Importer(815301076,1909f56bfc062723c751e8b465ee728b)  -> (artifact id: 'cbfd28f26602b2a5f59f5f74677a4a8a') in 0.039299 seconds
  Import took 0.349671 seconds .

========================================================================
Received Prepare
Registering precompiled user dll's ...
Registered in 0.001384 seconds.
Begin MonoManager ReloadAssembly
Native extension for WindowsStandalone target not found
Refreshing native plugins compatible for Editor in 0.42 ms, found 0 plugins.
Preloading 0 native plugins for Editor in 0.00 ms.
Mono: successfully reloaded assembly
- Completed reload, in  1.547 seconds
Platform modules already initialized, skipping
Refreshing native plugins compatible for Editor in 0.32 ms, found 0 plugins.
Preloading 0 native plugins for Editor in 0.00 ms.
Unloading 1340 Unused Serialized files (Serialized files now loaded: 0)
System memory in use before: 83.5 MB.
System memory in use after: 83.6 MB.

Unloading 6 unused Assets to reduce memory usage. Loaded Objects now: 1845.
Total: 2.234500 ms (FindLiveObjects: 0.166200 ms CreateObjectMapping: 0.045200 ms MarkObjects: 1.922500 ms  DeleteObjects: 0.099700 ms)

========================================================================
Received Prepare
Registering precompiled user dll's ...
Registered in 0.000996 seconds.
Begin MonoManager ReloadAssembly
Native extension for WindowsStandalone target not found
Refreshing native plugins compatible for Editor in 0.43 ms, found 0 plugins.
Preloading 0 native plugins for Editor in 0.00 ms.
Mono: successfully reloaded assembly
- Completed reload, in  1.498 seconds
Platform modules already initialized, skipping
Refreshing native plugins compatible for Editor in 0.77 ms, found 0 plugins.
Preloading 0 native plugins for Editor in 0.00 ms.
Unloading 1340 Unused Serialized files (Serialized files now loaded: 0)
System memory in use before: 83.5 MB.
System memory in use after: 83.6 MB.

Unloading 6 unused Assets to reduce memory usage. Loaded Objects now: 1848.
Total: 4.653200 ms (FindLiveObjects: 0.572900 ms CreateObjectMapping: 0.179000 ms MarkObjects: 3.719500 ms  DeleteObjects: 0.179700 ms)

========================================================================
Received Prepare
Registering precompiled user dll's ...
Registered in 0.001022 seconds.
Begin MonoManager ReloadAssembly
Native extension for WindowsStandalone target not found
Refreshing native plugins compatible for Editor in 0.45 ms, found 0 plugins.
Preloading 0 native plugins for Editor in 0.00 ms.
Mono: successfully reloaded assembly
- Completed reload, in  1.525 seconds
Platform modules already initialized, skipping
Refreshing native plugins compatible for Editor in 0.44 ms, found 0 plugins.
Preloading 0 native plugins for Editor in 0.00 ms.
Unloading 1340 Unused Serialized files (Serialized files now loaded: 0)
System memory in use before: 83.5 MB.
System memory in use after: 83.6 MB.

Unloading 6 unused Assets to reduce memory usage. Loaded Objects now: 1851.
Total: 3.093400 ms (FindLiveObjects: 0.245100 ms CreateObjectMapping: 0.076100 ms MarkObjects: 2.622000 ms  DeleteObjects: 0.147900 ms)

========================================================================
Received Prepare
Registering precompiled user dll's ...
Registered in 0.000936 seconds.
Begin MonoManager ReloadAssembly
Native extension for WindowsStandalone target not found
Refreshing native plugins compatible for Editor in 0.44 ms, found 0 plugins.
Preloading 0 native plugins for Editor in 0.00 ms.
Mono: successfully reloaded assembly
- Completed reload, in  1.652 seconds
Platform modules already initialized, skipping
Refreshing native plugins compatible for Editor in 0.43 ms, found 0 plugins.
Preloading 0 native plugins for Editor in 0.00 ms.
Unloading 1340 Unused Serialized files (Serialized files now loaded: 0)
System memory in use before: 83.5 MB.
System memory in use after: 83.6 MB.

Unloading 6 unused Assets to reduce memory usage. Loaded Objects now: 1854.
Total: 3.417000 ms (FindLiveObjects: 0.251500 ms CreateObjectMapping: 0.083700 ms MarkObjects: 2.921200 ms  DeleteObjects: 0.159000 ms)

========================================================================
Received Prepare
Registering precompiled user dll's ...
Registered in 0.001006 seconds.
Begin MonoManager ReloadAssembly
Native extension for WindowsStandalone target not found
Refreshing native plugins compatible for Editor in 0.55 ms, found 0 plugins.
Preloading 0 native plugins for Editor in 0.00 ms.
Mono: successfully reloaded assembly
- Completed reload, in  1.741 seconds
Platform modules already initialized, skipping
Refreshing native plugins compatible for Editor in 0.51 ms, found 0 plugins.
Preloading 0 native plugins for Editor in 0.00 ms.
Unloading 1340 Unused Serialized files (Serialized files now loaded: 0)
System memory in use before: 83.5 MB.
System memory in use after: 83.6 MB.

Unloading 6 unused Assets to reduce memory usage. Loaded Objects now: 1857.
Total: 3.498300 ms (FindLiveObjects: 0.372500 ms CreateObjectMapping: 0.144500 ms MarkObjects: 2.815500 ms  DeleteObjects: 0.163600 ms)

========================================================================
Received Import Request.
  Time since last request: 275.591696 seconds.
  path: Assets/Scripts/GameController.cs
  artifactKey: Guid(3552cfda8e0dcdc479667f63dc534e90) Importer(815301076,1909f56bfc062723c751e8b465ee728b)
Start importing Assets/Scripts/GameController.cs using Guid(3552cfda8e0dcdc479667f63dc534e90) Importer(815301076,1909f56bfc062723c751e8b465ee728b)  -> (artifact id: '3e699e7f60a915107a18fff74470be01') in 0.013025 seconds
  Import took 0.055366 seconds .

========================================================================
Received Prepare
Registering precompiled user dll's ...
Registered in 0.001799 seconds.
Begin MonoManager ReloadAssembly
Native extension for WindowsStandalone target not found
Refreshing native plugins compatible for Editor in 0.26 ms, found 0 plugins.
Preloading 0 native plugins for Editor in 0.00 ms.
Mono: successfully reloaded assembly
- Completed reload, in  1.036 seconds
Platform modules already initialized, skipping
Refreshing native plugins compatible for Editor in 0.45 ms, found 0 plugins.
Preloading 0 native plugins for Editor in 0.00 ms.
Unloading 1340 Unused Serialized files (Serialized files now loaded: 0)
System memory in use before: 83.5 MB.
System memory in use after: 83.6 MB.

Unloading 6 unused Assets to reduce memory usage. Loaded Objects now: 1860.
Total: 2.454300 ms (FindLiveObjects: 0.213600 ms CreateObjectMapping: 0.047500 ms MarkObjects: 2.090400 ms  DeleteObjects: 0.100800 ms)

========================================================================
Received Import Request.
  Time since last request: 115.062014 seconds.
  path: Assets/Animations/Player/Main.controller
  artifactKey: Guid(d6851830e209a2645bec7b89c4455f83) Importer(815301076,1909f56bfc062723c751e8b465ee728b)
Start importing Assets/Animations/Player/Main.controller using Guid(d6851830e209a2645bec7b89c4455f83) Importer(815301076,1909f56bfc062723c751e8b465ee728b)  -> (artifact id: 'f74873a338f76039a1da7058e4576b42') in 0.197795 seconds
  Import took 0.235680 seconds .

========================================================================
Received Import Request.
  Time since last request: 0.000423 seconds.
  path: Assets/Animations/Zombie/MainZombie.controller
  artifactKey: Guid(5fca79b2d0bea3b4f864ccc12b3e9cb8) Importer(815301076,1909f56bfc062723c751e8b465ee728b)
Start importing Assets/Animations/Zombie/MainZombie.controller using Guid(5fca79b2d0bea3b4f864ccc12b3e9cb8) Importer(815301076,1909f56bfc062723c751e8b465ee728b)  -> (artifact id: 'b167abeafcd10f6ac9ad08637b644616') in 0.130556 seconds
  Import took 0.158445 seconds .

========================================================================
Received Prepare
Registering precompiled user dll's ...
Registered in 0.000626 seconds.
Begin MonoManager ReloadAssembly
Native extension for WindowsStandalone target not found
Refreshing native plugins compatible for Editor in 0.28 ms, found 0 plugins.
Preloading 0 native plugins for Editor in 0.00 ms.
Mono: successfully reloaded assembly
- Completed reload, in  0.880 seconds
Platform modules already initialized, skipping
Refreshing native plugins compatible for Editor in 0.54 ms, found 0 plugins.
Preloading 0 native plugins for Editor in 0.00 ms.
Unloading 1340 Unused Serialized files (Serialized files now loaded: 0)
System memory in use before: 83.6 MB.
System memory in use after: 83.6 MB.

Unloading 6 unused Assets to reduce memory usage. Loaded Objects now: 1863.
Total: 3.502300 ms (FindLiveObjects: 0.240600 ms CreateObjectMapping: 0.083000 ms MarkObjects: 3.014100 ms  DeleteObjects: 0.162900 ms)

========================================================================
Received Prepare
Registering precompiled user dll's ...
Registered in 0.003000 seconds.
Begin MonoManager ReloadAssembly
Native extension for WindowsStandalone target not found
Refreshing native plugins compatible for Editor in 0.72 ms, found 0 plugins.
Preloading 0 native plugins for Editor in 0.00 ms.
Mono: successfully reloaded assembly
- Completed reload, in  1.751 seconds
Platform modules already initialized, skipping
Refreshing native plugins compatible for Editor in 0.44 ms, found 0 plugins.
Preloading 0 native plugins for Editor in 0.00 ms.
Unloading 1340 Unused Serialized files (Serialized files now loaded: 0)
System memory in use before: 83.6 MB.
System memory in use after: 83.6 MB.

Unloading 6 unused Assets to reduce memory usage. Loaded Objects now: 1866.
Total: 3.061800 ms (FindLiveObjects: 0.254000 ms CreateObjectMapping: 0.082500 ms MarkObjects: 2.537800 ms  DeleteObjects: 0.186000 ms)

========================================================================
Received Import Request.
  Time since last request: 77.907774 seconds.
  path: Assets/Prefabs/Zombie.prefab
  artifactKey: Guid(ef837d6390ad26441a47e85ed5802244) Importer(815301076,1909f56bfc062723c751e8b465ee728b)
Start importing Assets/Prefabs/Zombie.prefab using Guid(ef837d6390ad26441a47e85ed5802244) Importer(815301076,1909f56bfc062723c751e8b465ee728b) Asset 'MainZombie': Transition 'Z_Run_InPlace -> Z_Run_InPlace' in state 'Z_Run_InPlace' doesn't have an Exit Time or any condition, transition will be ignored
UnityEngine.StackTraceUtility:ExtractStackTrace ()
UnityEditor.EditorUtility:Internal_InstantiateRemoveAllNonAnimationComponentsSingle (UnityEngine.Object,UnityEngine.Vector3,UnityEngine.Quaternion)
UnityEditor.EditorUtility:InstantiateRemoveAllNonAnimationComponents (UnityEngine.Object,UnityEngine.Vector3,UnityEngine.Quaternion)
UnityEditor.EditorUtility:InstantiateForAnimatorPreview (UnityEngine.Object)
UnityEditor.GameObjectInspector/PreviewData:UpdateGameObject (UnityEngine.Object)
UnityEditor.GameObjectInspector/PreviewData:.ctor (UnityEngine.Object)
UnityEditor.GameObjectInspector:GetPreviewData ()
UnityEditor.GameObjectInspector:RenderStaticPreview (string,UnityEngine.Object[],int,int)
UnityEditor.AssetPreviewUpdater:CreatePreviewForAsset (UnityEngine.Object,UnityEngine.Object[],string)

[C:\buildslave\unity\build\Editor/Src/Animation/StateMachine.cpp line 1847]

 -> (artifact id: 'c844766f7790f791dcb2717777c64be8') in 0.576117 seconds
  Import took 0.605055 seconds .

========================================================================
Received Prepare
Registering precompiled user dll's ...
Registered in 0.001069 seconds.
Begin MonoManager ReloadAssembly
Native extension for WindowsStandalone target not found
Refreshing native plugins compatible for Editor in 0.45 ms, found 0 plugins.
Preloading 0 native plugins for Editor in 0.00 ms.
Mono: successfully reloaded assembly
- Completed reload, in  1.646 seconds
Platform modules already initialized, skipping
Refreshing native plugins compatible for Editor in 0.53 ms, found 0 plugins.
Preloading 0 native plugins for Editor in 0.00 ms.
Unloading 1340 Unused Serialized files (Serialized files now loaded: 0)
System memory in use before: 100.4 MB.
System memory in use after: 100.5 MB.

Unloading 8 unused Assets to reduce memory usage. Loaded Objects now: 1877.
Total: 3.490500 ms (FindLiveObjects: 0.297500 ms CreateObjectMapping: 0.099900 ms MarkObjects: 2.882100 ms  DeleteObjects: 0.209100 ms)

========================================================================
Received Prepare
Registering precompiled user dll's ...
Registered in 0.000485 seconds.
Begin MonoManager ReloadAssembly
Native extension for WindowsStandalone target not found
Refreshing native plugins compatible for Editor in 0.96 ms, found 0 plugins.
Preloading 0 native plugins for Editor in 0.00 ms.
Mono: successfully reloaded assembly
- Completed reload, in  1.178 seconds
Platform modules already initialized, skipping
Refreshing native plugins compatible for Editor in 0.26 ms, found 0 plugins.
Preloading 0 native plugins for Editor in 0.00 ms.
Unloading 1340 Unused Serialized files (Serialized files now loaded: 0)
System memory in use before: 100.4 MB.
System memory in use after: 100.5 MB.

Unloading 6 unused Assets to reduce memory usage. Loaded Objects now: 1880.
Total: 5.962700 ms (FindLiveObjects: 0.661400 ms CreateObjectMapping: 0.179700 ms MarkObjects: 4.766200 ms  DeleteObjects: 0.350300 ms)

========================================================================
Received Prepare
Refreshing native plugins compatible for Editor in 0.68 ms, found 0 plugins.
Preloading 0 native plugins for Editor in 0.00 ms.
Unloading 3 Unused Serialized files (Serialized files now loaded: 0)
System memory in use before: 73.8 MB.
System memory in use after: 73.9 MB.

Unloading 3 unused Assets to reduce memory usage. Loaded Objects now: 1880.
Total: 2.418300 ms (FindLiveObjects: 0.211300 ms CreateObjectMapping: 0.056500 ms MarkObjects: 2.029700 ms  DeleteObjects: 0.119500 ms)

========================================================================
Received Prepare
Registering precompiled user dll's ...
Registered in 0.000570 seconds.
Begin MonoManager ReloadAssembly
Native extension for WindowsStandalone target not found
Refreshing native plugins compatible for Editor in 0.29 ms, found 0 plugins.
Preloading 0 native plugins for Editor in 0.00 ms.
Mono: successfully reloaded assembly
- Completed reload, in  0.902 seconds
Platform modules already initialized, skipping
Refreshing native plugins compatible for Editor in 0.46 ms, found 0 plugins.
Preloading 0 native plugins for Editor in 0.00 ms.
Unloading 1340 Unused Serialized files (Serialized files now loaded: 0)
System memory in use before: 101.1 MB.
System memory in use after: 101.2 MB.

Unloading 6 unused Assets to reduce memory usage. Loaded Objects now: 1883.
Total: 2.221400 ms (FindLiveObjects: 0.174900 ms CreateObjectMapping: 0.041800 ms MarkObjects: 1.892800 ms  DeleteObjects: 0.109200 ms)

AssetImportWorkerClient::OnTransportError - code=2 error=End of file
